0 info it worked if it ends with ok
1 verbose cli [ '/usr/local/bin/node', '/usr/local/bin/npm', 'start' ]
2 info using npm@3.10.3
3 info using node@v6.6.0
4 verbose run-script [ 'prestart', 'start', 'poststart' ]
5 info lifecycle formulario-api@0.0.0~prestart: formulario-api@0.0.0
6 silly lifecycle formulario-api@0.0.0~prestart: no script for prestart, continuing
7 info lifecycle formulario-api@0.0.0~start: formulario-api@0.0.0
8 verbose lifecycle formulario-api@0.0.0~start: unsafe-perm in lifecycle true
9 verbose lifecycle formulario-api@0.0.0~start: PATH: /usr/local/lib/node_modules/npm/bin/node-gyp-bin:/Users/jeancarlonascimento/www/freelas/Mysql/formulario-api/node_modules/.bin:/usr/local/bin:/Users/jeancarlonascimento/.yarn/bin:/Users/jeancarlonascimento/bin:/usr/local/bin:/Users/jeancarlonascimento/.nvm/versions/node/v6.0.0/bin:/Applications/BlackBerry/BB10 WebWorks SDK 2.0.0.54:/usr/bin:/bin:/usr/sbin:/sbin:/usr/local/bin:/usr/local/share/npm/bin/sbin:/opt/X11/bin:/usr/local/deployd/bin:/usr/local/git/bin:/usr/local/go/bin:/Users/jeancarlonascimento/.rvm/bin:/Users/jeancarlonascimento/.gvm/bin
10 verbose lifecycle formulario-api@0.0.0~start: CWD: /Users/jeancarlonascimento/www/freelas/Mysql/formulario-api
11 silly lifecycle formulario-api@0.0.0~start: Args: [ '-c', 'node ./bin/www' ]
12 silly lifecycle formulario-api@0.0.0~start: Returned: code: 1  signal: null
13 info lifecycle formulario-api@0.0.0~start: Failed to exec start script
14 verbose stack Error: formulario-api@0.0.0 start: `node ./bin/www`
14 verbose stack Exit status 1
14 verbose stack     at EventEmitter.<anonymous> (/usr/local/lib/node_modules/npm/lib/utils/lifecycle.js:242:16)
14 verbose stack     at emitTwo (events.js:106:13)
14 verbose stack     at EventEmitter.emit (events.js:191:7)
14 verbose stack     at ChildProcess.<anonymous> (/usr/local/lib/node_modules/npm/lib/utils/spawn.js:40:14)
14 verbose stack     at emitTwo (events.js:106:13)
14 verbose stack     at ChildProcess.emit (events.js:191:7)
14 verbose stack     at maybeClose (internal/child_process.js:877:16)
14 verbose stack     at Process.ChildProcess._handle.onexit (internal/child_process.js:226:5)
15 verbose pkgid formulario-api@0.0.0
16 verbose cwd /Users/jeancarlonascimento/www/freelas/Mysql/formulario-api
17 error Darwin 14.5.0
18 error argv "/usr/local/bin/node" "/usr/local/bin/npm" "start"
19 error node v6.6.0
20 error npm  v3.10.3
21 error code ELIFECYCLE
22 error formulario-api@0.0.0 start: `node ./bin/www`
22 error Exit status 1
23 error Failed at the formulario-api@0.0.0 start script 'node ./bin/www'.
23 error Make sure you have the latest version of node.js and npm installed.
23 error If you do, this is most likely a problem with the formulario-api package,
23 error not with npm itself.
23 error Tell the author that this fails on your system:
23 error     node ./bin/www
23 error You can get information on how to open an issue for this project with:
23 error     npm bugs formulario-api
23 error Or if that isn't available, you can get their info via:
23 error     npm owner ls formulario-api
23 error There is likely additional logging output above.
24 verbose exit [ 1, true ]
